<?xml version="1.0" encoding="UTF-8"?>
<testsuite name="Create an user on Regres.in" tests="1" skipped="0" failures="0" errors="0" timestamp="2022-07-13T13:27:19" hostname="CHMEP40XK9L3" time="3.839">
  <properties/>
  <testcase name="Creation an user" classname="Create an user on Regres.in" time="3.839"/>
  <system-out><![CDATA[]]></system-out>
  <system-err><![CDATA[[Test worker] WARN net.thucydides.core.steps.BaseStepListener - stepStarted: net.thucydides.core.steps.ExecutedStepDescription@436d19d2
[Test worker] WARN net.thucydides.core.steps.BaseStepListener - stepStarted: net.thucydides.core.steps.ExecutedStepDescription@7856c2f1
[Test worker] WARN net.thucydides.core.steps.BaseStepListener - stepStarted: net.thucydides.core.steps.ExecutedStepDescription@45f279fb
[Test worker] WARN net.thucydides.core.steps.BaseStepListener - stepStarted: net.thucydides.core.steps.ExecutedStepDescription@56d997cf
[Test worker] WARN net.thucydides.core.steps.BaseStepListener - stepStarted: net.thucydides.core.steps.ExecutedStepDescription@545476d0
[Test worker] WARN net.thucydides.core.steps.BaseStepListener - stepFinished: current outcome:Creation an user:When you create an user
| name | job |
| Brandon | java | [Brandon create user rest [Brandon with post [Brandon executes a POST on the resource /api/users [POST https://reqres.in/api/users]]]]
[Test worker] WARN net.thucydides.core.steps.BaseStepListener - stepFinished: current outcome:Creation an user:When you create an user
| name | job |
| Brandon | java | [Brandon create user rest [Brandon with post [Brandon executes a POST on the resource /api/users [POST https://reqres.in/api/users]]]]
[Test worker] WARN net.thucydides.core.steps.BaseStepListener - stepFinished: current outcome:Creation an user:When you create an user
| name | job |
| Brandon | java | [Brandon create user rest [Brandon with post [Brandon executes a POST on the resource /api/users [POST https://reqres.in/api/users]]]]
[Test worker] WARN net.thucydides.core.steps.BaseStepListener - stepFinished: current outcome:Creation an user:When you create an user
| name | job |
| Brandon | java | [Brandon create user rest [Brandon with post [Brandon executes a POST on the resource /api/users [POST https://reqres.in/api/users]]]]
[Test worker] WARN net.thucydides.core.steps.BaseStepListener - stepFinished: current outcome:Creation an user:When you create an user
| name | job |
| Brandon | java | [Brandon create user rest [Brandon with post [Brandon executes a POST on the resource /api/users [POST https://reqres.in/api/users]]]]
[Test worker] WARN net.thucydides.core.steps.BaseStepListener - stepStarted: net.thucydides.core.steps.ExecutedStepDescription@68c827f3
[Test worker] WARN net.thucydides.core.steps.BaseStepListener - stepStarted: net.thucydides.core.steps.ExecutedStepDescription@9bb595b
[Test worker] WARN net.thucydides.core.steps.BaseStepListener - stepFinished: current outcome:Creation an user:When you create an user
| name | job |
| Brandon | java | [Brandon create user rest [Brandon with post [Brandon executes a POST on the resource /api/users [POST https://reqres.in/api/users]]]], Then I should see the user created [Then last response status code]
[Test worker] WARN net.thucydides.core.steps.BaseStepListener - stepFinished: current outcome:Creation an user:When you create an user
| name | job |
| Brandon | java | [Brandon create user rest [Brandon with post [Brandon executes a POST on the resource /api/users [POST https://reqres.in/api/users]]]], Then I should see the user created [Then last response status code]
[Test worker] WARN net.thucydides.core.steps.BaseStepListener - testFinished: Creation an user:When you create an user
| name | job |
| Brandon | java | [Brandon create user rest [Brandon with post [Brandon executes a POST on the resource /api/users [POST https://reqres.in/api/users]]]], Then I should see the user created [Then last response status code]
[Test worker] WARN net.thucydides.core.steps.BaseStepListener - TestOutcomes: [Creation an user:When you create an user
| name | job |
| Brandon | java | [Brandon create user rest [Brandon with post [Brandon executes a POST on the resource /api/users [POST https://reqres.in/api/users]]]], Then I should see the user created [Then last response status code]]
[Test worker] WARN net.thucydides.core.steps.BaseStepListener - Final testOutcomes: [Creation an user:When you create an user
| name | job |
| Brandon | java | [Brandon create user rest [Brandon with post [Brandon executes a POST on the resource /api/users [POST https://reqres.in/api/users]]]], Then I should see the user created [Then last response status code]]
[Test worker] INFO net.thucydides.core.steps.ConsoleLoggingListener - 
        __    _____ _____ ____ _____   ____   _    ____  ____  _____ ____  
  _     \ \  |_   _| ____/ ___|_   _| |  _ \ / \  / ___|/ ___|| ____|  _ \ 
 (_)_____| |   | | |  _| \___ \ | |   | |_) / _ \ \___ \\___ \|  _| | | | |
  _|_____| |   | | | |___ ___) || |   |  __/ ___ \ ___) |___) | |___| |_| |
 (_)     | |   |_| |_____|____/ |_|   |_| /_/   \_\____/|____/|_____|____/ 
        /_/                                                                

TEST PASSED: Creation an user
----------------------------------------------------------------------------
]]></system-err>
</testsuite>
